mode: atomic
github.com/hungdhv97/english-vocab-trainer/backend/cmd/server/main.go:12.13,18.45 5 0
github.com/hungdhv97/english-vocab-trainer/backend/cmd/server/main.go:18.45,19.72 1 0
github.com/hungdhv97/english-vocab-trainer/backend/cmd/server/main.go:19.72,21.20 2 0
github.com/hungdhv97/english-vocab-trainer/backend/cmd/server/main.go:21.20,25.5 3 0
github.com/hungdhv97/english-vocab-trainer/backend/cmd/server/main.go:25.10,27.5 1 0
github.com/hungdhv97/english-vocab-trainer/backend/cmd/server/main.go:28.4,30.38 3 0
github.com/hungdhv97/english-vocab-trainer/backend/cmd/server/main.go:30.38,33.5 2 0
github.com/hungdhv97/english-vocab-trainer/backend/cmd/server/main.go:34.4,34.24 1 0
github.com/hungdhv97/english-vocab-trainer/backend/cmd/server/main.go:38.2,39.56 2 0
github.com/hungdhv97/english-vocab-trainer/backend/cmd/server/main.go:39.56,41.3 1 0
github.com/hungdhv97/english-vocab-trainer/backend/internal/handler/handler.go:21.46,23.2 1 0
github.com/hungdhv97/english-vocab-trainer/backend/internal/handler/handler.go:26.49,38.2 9 0
github.com/hungdhv97/english-vocab-trainer/backend/internal/handler/handler.go:41.68,47.61 3 0
github.com/hungdhv97/english-vocab-trainer/backend/internal/handler/handler.go:47.61,50.3 2 0
github.com/hungdhv97/english-vocab-trainer/backend/internal/handler/handler.go:51.2,52.16 2 0
github.com/hungdhv97/english-vocab-trainer/backend/internal/handler/handler.go:52.16,55.3 2 0
github.com/hungdhv97/english-vocab-trainer/backend/internal/handler/handler.go:56.2,56.33 1 0
github.com/hungdhv97/english-vocab-trainer/backend/internal/handler/handler.go:60.65,66.61 3 0
github.com/hungdhv97/english-vocab-trainer/backend/internal/handler/handler.go:66.61,69.3 2 0
github.com/hungdhv97/english-vocab-trainer/backend/internal/handler/handler.go:70.2,71.16 2 0
github.com/hungdhv97/english-vocab-trainer/backend/internal/handler/handler.go:71.16,74.3 2 0
github.com/hungdhv97/english-vocab-trainer/backend/internal/handler/handler.go:75.2,75.33 1 0
github.com/hungdhv97/english-vocab-trainer/backend/internal/handler/handler.go:79.67,83.16 4 0
github.com/hungdhv97/english-vocab-trainer/backend/internal/handler/handler.go:83.16,86.3 2 0
github.com/hungdhv97/english-vocab-trainer/backend/internal/handler/handler.go:87.2,88.16 2 0
github.com/hungdhv97/english-vocab-trainer/backend/internal/handler/handler.go:88.16,91.3 2 0
github.com/hungdhv97/english-vocab-trainer/backend/internal/handler/handler.go:92.2,92.34 1 0
github.com/hungdhv97/english-vocab-trainer/backend/internal/handler/handler.go:96.71,102.30 6 0
github.com/hungdhv97/english-vocab-trainer/backend/internal/handler/handler.go:102.30,105.3 2 0
github.com/hungdhv97/english-vocab-trainer/backend/internal/handler/handler.go:106.2,107.16 2 0
github.com/hungdhv97/english-vocab-trainer/backend/internal/handler/handler.go:107.16,110.3 2 0
github.com/hungdhv97/english-vocab-trainer/backend/internal/handler/handler.go:111.2,111.34 1 0
github.com/hungdhv97/english-vocab-trainer/backend/internal/handler/handler.go:115.66,125.61 3 0
github.com/hungdhv97/english-vocab-trainer/backend/internal/handler/handler.go:125.61,128.3 2 0
github.com/hungdhv97/english-vocab-trainer/backend/internal/handler/handler.go:129.2,130.16 2 0
github.com/hungdhv97/english-vocab-trainer/backend/internal/handler/handler.go:130.16,133.3 2 0
github.com/hungdhv97/english-vocab-trainer/backend/internal/handler/handler.go:134.2,135.16 2 0
github.com/hungdhv97/english-vocab-trainer/backend/internal/handler/handler.go:135.16,138.3 2 0
github.com/hungdhv97/english-vocab-trainer/backend/internal/handler/handler.go:139.2,148.54 3 0
github.com/hungdhv97/english-vocab-trainer/backend/internal/handler/handler.go:148.54,150.3 1 0
github.com/hungdhv97/english-vocab-trainer/backend/internal/handler/handler.go:150.8,153.3 2 0
github.com/hungdhv97/english-vocab-trainer/backend/internal/handler/handler.go:154.2,154.50 1 0
github.com/hungdhv97/english-vocab-trainer/backend/internal/handler/handler.go:154.50,157.3 2 0
github.com/hungdhv97/english-vocab-trainer/backend/internal/handler/handler.go:158.2,161.4 1 0
github.com/hungdhv97/english-vocab-trainer/backend/internal/handler/handler.go:165.67,176.18 4 0
github.com/hungdhv97/english-vocab-trainer/backend/internal/handler/handler.go:176.18,178.3 1 0
github.com/hungdhv97/english-vocab-trainer/backend/internal/handler/handler.go:179.2,180.75 2 0
github.com/hungdhv97/english-vocab-trainer/backend/internal/handler/handler.go:184.71,187.2 2 0
github.com/hungdhv97/english-vocab-trainer/backend/internal/handler/handler.go:190.69,216.2 3 0
github.com/hungdhv97/english-vocab-trainer/backend/internal/service/service.go:29.28,40.16 9 0
github.com/hungdhv97/english-vocab-trainer/backend/internal/service/service.go:40.16,41.57 1 0
github.com/hungdhv97/english-vocab-trainer/backend/internal/service/service.go:43.2,43.39 1 0
github.com/hungdhv97/english-vocab-trainer/backend/internal/service/service.go:43.39,44.59 1 0
github.com/hungdhv97/english-vocab-trainer/backend/internal/service/service.go:48.2,48.49 1 0
github.com/hungdhv97/english-vocab-trainer/backend/internal/service/service.go:48.49,49.57 1 0
github.com/hungdhv97/english-vocab-trainer/backend/internal/service/service.go:53.2,53.52 1 0
github.com/hungdhv97/english-vocab-trainer/backend/internal/service/service.go:53.52,54.53 1 0
github.com/hungdhv97/english-vocab-trainer/backend/internal/service/service.go:58.2,68.44 5 0
github.com/hungdhv97/english-vocab-trainer/backend/internal/service/service.go:68.44,69.56 1 0
github.com/hungdhv97/english-vocab-trainer/backend/internal/service/service.go:72.2,72.39 1 0
github.com/hungdhv97/english-vocab-trainer/backend/internal/service/service.go:75.37,76.34 1 0
github.com/hungdhv97/english-vocab-trainer/backend/internal/service/service.go:76.34,78.3 1 0
github.com/hungdhv97/english-vocab-trainer/backend/internal/service/service.go:79.2,79.12 1 0
github.com/hungdhv97/english-vocab-trainer/backend/internal/service/service.go:82.67,87.26 3 0
github.com/hungdhv97/english-vocab-trainer/backend/internal/service/service.go:87.26,89.50 2 0
github.com/hungdhv97/english-vocab-trainer/backend/internal/service/service.go:89.50,90.12 1 0
github.com/hungdhv97/english-vocab-trainer/backend/internal/service/service.go:92.3,92.36 1 0
github.com/hungdhv97/english-vocab-trainer/backend/internal/service/service.go:92.36,94.4 1 0
github.com/hungdhv97/english-vocab-trainer/backend/internal/service/service.go:95.3,95.49 1 0
github.com/hungdhv97/english-vocab-trainer/backend/internal/service/service.go:95.49,97.114 1 0
github.com/hungdhv97/english-vocab-trainer/backend/internal/service/service.go:97.114,98.13 1 0
github.com/hungdhv97/english-vocab-trainer/backend/internal/service/service.go:100.4,100.14 1 0
github.com/hungdhv97/english-vocab-trainer/backend/internal/service/service.go:103.2,103.12 1 0
github.com/hungdhv97/english-vocab-trainer/backend/internal/service/service.go:106.70,108.84 2 0
github.com/hungdhv97/english-vocab-trainer/backend/internal/service/service.go:108.84,110.3 1 0
github.com/hungdhv97/english-vocab-trainer/backend/internal/service/service.go:111.2,111.13 1 0
github.com/hungdhv97/english-vocab-trainer/backend/internal/service/service.go:111.13,113.3 1 0
github.com/hungdhv97/english-vocab-trainer/backend/internal/service/service.go:115.2,117.26 3 0
github.com/hungdhv97/english-vocab-trainer/backend/internal/service/service.go:117.26,119.184 2 0
github.com/hungdhv97/english-vocab-trainer/backend/internal/service/service.go:119.184,121.4 1 0
github.com/hungdhv97/english-vocab-trainer/backend/internal/service/service.go:123.2,123.12 1 0
github.com/hungdhv97/english-vocab-trainer/backend/internal/service/service.go:127.80,128.39 1 0
github.com/hungdhv97/english-vocab-trainer/backend/internal/service/service.go:128.39,130.3 1 0
github.com/hungdhv97/english-vocab-trainer/backend/internal/service/service.go:131.2,131.39 1 0
github.com/hungdhv97/english-vocab-trainer/backend/internal/service/service.go:131.39,133.3 1 0
github.com/hungdhv97/english-vocab-trainer/backend/internal/service/service.go:134.2,135.16 2 0
github.com/hungdhv97/english-vocab-trainer/backend/internal/service/service.go:135.16,137.3 1 0
github.com/hungdhv97/english-vocab-trainer/backend/internal/service/service.go:138.2,141.16 4 0
github.com/hungdhv97/english-vocab-trainer/backend/internal/service/service.go:141.16,142.109 1 0
github.com/hungdhv97/english-vocab-trainer/backend/internal/service/service.go:142.109,144.4 1 0
github.com/hungdhv97/english-vocab-trainer/backend/internal/service/service.go:145.3,145.28 1 0
github.com/hungdhv97/english-vocab-trainer/backend/internal/service/service.go:147.2,147.18 1 0
github.com/hungdhv97/english-vocab-trainer/backend/internal/service/service.go:151.80,155.16 4 0
github.com/hungdhv97/english-vocab-trainer/backend/internal/service/service.go:155.16,157.3 1 0
github.com/hungdhv97/english-vocab-trainer/backend/internal/service/service.go:158.2,158.99 1 0
github.com/hungdhv97/english-vocab-trainer/backend/internal/service/service.go:158.99,160.3 1 0
github.com/hungdhv97/english-vocab-trainer/backend/internal/service/service.go:161.2,161.18 1 0
github.com/hungdhv97/english-vocab-trainer/backend/internal/service/service.go:165.97,166.16 1 0
github.com/hungdhv97/english-vocab-trainer/backend/internal/service/service.go:166.16,168.3 1 0
github.com/hungdhv97/english-vocab-trainer/backend/internal/service/service.go:169.2,171.16 3 0
github.com/hungdhv97/english-vocab-trainer/backend/internal/service/service.go:171.16,173.3 1 0
github.com/hungdhv97/english-vocab-trainer/backend/internal/service/service.go:174.2,176.18 3 0
github.com/hungdhv97/english-vocab-trainer/backend/internal/service/service.go:176.18,178.101 2 0
github.com/hungdhv97/english-vocab-trainer/backend/internal/service/service.go:178.101,180.4 1 0
github.com/hungdhv97/english-vocab-trainer/backend/internal/service/service.go:181.3,181.27 1 0
github.com/hungdhv97/english-vocab-trainer/backend/internal/service/service.go:183.2,183.21 1 0
github.com/hungdhv97/english-vocab-trainer/backend/internal/service/service.go:183.21,185.3 1 0
github.com/hungdhv97/english-vocab-trainer/backend/internal/service/service.go:186.2,186.19 1 0
github.com/hungdhv97/english-vocab-trainer/backend/internal/service/service.go:190.66,193.16 3 0
github.com/hungdhv97/english-vocab-trainer/backend/internal/service/service.go:193.16,195.3 1 0
github.com/hungdhv97/english-vocab-trainer/backend/internal/service/service.go:196.2,196.15 1 0
github.com/hungdhv97/english-vocab-trainer/backend/internal/service/service.go:200.67,203.16 3 0
github.com/hungdhv97/english-vocab-trainer/backend/internal/service/service.go:203.16,205.3 1 0
github.com/hungdhv97/english-vocab-trainer/backend/internal/service/service.go:206.2,208.18 3 0
github.com/hungdhv97/english-vocab-trainer/backend/internal/service/service.go:208.18,210.154 2 0
github.com/hungdhv97/english-vocab-trainer/backend/internal/service/service.go:210.154,212.4 1 0
github.com/hungdhv97/english-vocab-trainer/backend/internal/service/service.go:213.3,213.23 1 0
github.com/hungdhv97/english-vocab-trainer/backend/internal/service/service.go:215.2,215.17 1 0
github.com/hungdhv97/english-vocab-trainer/backend/internal/service/service.go:219.81,222.20 3 0
github.com/hungdhv97/english-vocab-trainer/backend/internal/service/service.go:222.20,223.79 1 0
github.com/hungdhv97/english-vocab-trainer/backend/internal/service/service.go:223.79,225.4 1 0
github.com/hungdhv97/english-vocab-trainer/backend/internal/service/service.go:228.2,235.16 3 0
github.com/hungdhv97/english-vocab-trainer/backend/internal/service/service.go:235.16,237.3 1 0
github.com/hungdhv97/english-vocab-trainer/backend/internal/service/service.go:238.2,238.37 1 0
github.com/hungdhv97/english-vocab-trainer/backend/internal/service/service.go:238.37,240.3 1 0
github.com/hungdhv97/english-vocab-trainer/backend/internal/service/service.go:241.2,241.21 1 0
github.com/hungdhv97/english-vocab-trainer/backend/internal/service/service.go:245.45,247.2 1 0
